C:\Projects\Test\AngularTestSeparate\AngularWebApp\ClientApp\angular-app\dist\out-tsc\e2e\src\app.po.js
C:\Projects\Test\AngularTestSeparate\AngularWebApp\ClientApp\angular-app\dist\out-tsc\e2e\src\app.po.js.map
C:\Projects\Test\AngularTestSeparate\AngularWebApp\ClientApp\angular-app\dist\out-tsc\e2e\src\app.e2e-spec.js
C:\Projects\Test\AngularTestSeparate\AngularWebApp\ClientApp\angular-app\dist\out-tsc\e2e\src\app.e2e-spec.js.map
C:\Projects\Test\AngularTestSeparate\AngularWebApp\ClientApp\angular-app\dist\out-tsc\src\app\app-routing.module.js
C:\Projects\Test\AngularTestSeparate\AngularWebApp\ClientApp\angular-app\dist\out-tsc\src\app\app-routing.module.js.map
C:\Projects\Test\AngularTestSeparate\AngularWebApp\ClientApp\angular-app\dist\out-tsc\src\app\app.component.js
C:\Projects\Test\AngularTestSeparate\AngularWebApp\ClientApp\angular-app\dist\out-tsc\src\app\app.component.js.map
C:\Projects\Test\AngularTestSeparate\AngularWebApp\ClientApp\angular-app\dist\out-tsc\src\app\models\enums\stop-types.model.js
C:\Projects\Test\AngularTestSeparate\AngularWebApp\ClientApp\angular-app\dist\out-tsc\src\app\models\enums\stop-types.model.js.map
C:\Projects\Test\AngularTestSeparate\AngularWebApp\ClientApp\angular-app\dist\out-tsc\src\app\models\stop.model.js
C:\Projects\Test\AngularTestSeparate\AngularWebApp\ClientApp\angular-app\dist\out-tsc\src\app\models\stop.model.js.map
C:\Projects\Test\AngularTestSeparate\AngularWebApp\ClientApp\angular-app\dist\out-tsc\src\app\models\order.model.js
C:\Projects\Test\AngularTestSeparate\AngularWebApp\ClientApp\angular-app\dist\out-tsc\src\app\models\order.model.js.map
C:\Projects\Test\AngularTestSeparate\AngularWebApp\ClientApp\angular-app\dist\out-tsc\src\app\services\order.service.js
C:\Projects\Test\AngularTestSeparate\AngularWebApp\ClientApp\angular-app\dist\out-tsc\src\app\services\order.service.js.map
C:\Projects\Test\AngularTestSeparate\AngularWebApp\ClientApp\angular-app\dist\out-tsc\src\app\load-view\load-view.component.js
C:\Projects\Test\AngularTestSeparate\AngularWebApp\ClientApp\angular-app\dist\out-tsc\src\app\load-view\load-view.component.js.map
C:\Projects\Test\AngularTestSeparate\AngularWebApp\ClientApp\angular-app\dist\out-tsc\src\app\app.module.js
C:\Projects\Test\AngularTestSeparate\AngularWebApp\ClientApp\angular-app\dist\out-tsc\src\app\app.module.js.map
C:\Projects\Test\AngularTestSeparate\AngularWebApp\ClientApp\angular-app\dist\out-tsc\src\environments\environment.js
C:\Projects\Test\AngularTestSeparate\AngularWebApp\ClientApp\angular-app\dist\out-tsc\src\environments\environment.js.map
C:\Projects\Test\AngularTestSeparate\AngularWebApp\ClientApp\angular-app\dist\out-tsc\src\main.js
C:\Projects\Test\AngularTestSeparate\AngularWebApp\ClientApp\angular-app\dist\out-tsc\src\main.js.map
C:\Projects\Test\AngularTestSeparate\AngularWebApp\ClientApp\angular-app\dist\out-tsc\src\polyfills.js
C:\Projects\Test\AngularTestSeparate\AngularWebApp\ClientApp\angular-app\dist\out-tsc\src\polyfills.js.map
C:\Projects\Test\AngularTestSeparate\AngularWebApp\ClientApp\angular-app\dist\out-tsc\src\test.js
C:\Projects\Test\AngularTestSeparate\AngularWebApp\ClientApp\angular-app\dist\out-tsc\src\test.js.map
C:\Projects\Test\AngularTestSeparate\AngularWebApp\ClientApp\angular-app\dist\out-tsc\src\app\app.component.spec.js
C:\Projects\Test\AngularTestSeparate\AngularWebApp\ClientApp\angular-app\dist\out-tsc\src\app\app.component.spec.js.map
C:\Projects\Test\AngularTestSeparate\AngularWebApp\ClientApp\angular-app\dist\out-tsc\src\app\load-view\load-view.component.spec.js
C:\Projects\Test\AngularTestSeparate\AngularWebApp\ClientApp\angular-app\dist\out-tsc\src\app\load-view\load-view.component.spec.js.map
C:\Projects\Test\AngularTestSeparate\AngularWebApp\ClientApp\angular-app\dist\out-tsc\src\app\models\city.model.js
C:\Projects\Test\AngularTestSeparate\AngularWebApp\ClientApp\angular-app\dist\out-tsc\src\app\models\city.model.js.map
C:\Projects\Test\AngularTestSeparate\AngularWebApp\ClientApp\angular-app\dist\out-tsc\src\app\models\location.model.js
C:\Projects\Test\AngularTestSeparate\AngularWebApp\ClientApp\angular-app\dist\out-tsc\src\app\models\location.model.js.map
C:\Projects\Test\AngularTestSeparate\AngularWebApp\ClientApp\angular-app\dist\out-tsc\src\app\services\order.service.spec.js
C:\Projects\Test\AngularTestSeparate\AngularWebApp\ClientApp\angular-app\dist\out-tsc\src\app\services\order.service.spec.js.map
C:\Projects\Test\AngularTestSeparate\AngularWebApp\ClientApp\angular-app\dist\out-tsc\src\environments\environment.prod.js
C:\Projects\Test\AngularTestSeparate\AngularWebApp\ClientApp\angular-app\dist\out-tsc\src\environments\environment.prod.js.map
